Performing C SOURCE FILE Test CMAKE_HAVE_LIBC_PTHREAD failed with the following output:
Change Dir: /home/guopengzhen/code/route_planner/route_plan/out/build/CMakeFiles/CMakeTmp

Run Build Command(s):/usr/bin/make cmTC_83a1f/fast && /usr/bin/make -f CMakeFiles/cmTC_83a1f.dir/build.make CMakeFiles/cmTC_83a1f.dir/build
make[1]: Entering directory '/home/guopengzhen/code/route_planner/route_plan/out/build/CMakeFiles/CMakeTmp'
Building C object CMakeFiles/cmTC_83a1f.dir/src.c.o
/usr/bin/cc   -DCMAKE_HAVE_LIBC_PTHREAD   -o CMakeFiles/cmTC_83a1f.dir/src.c.o   -c /home/guopengzhen/code/route_planner/route_plan/out/build/CMakeFiles/CMakeTmp/src.c
Linking C executable cmTC_83a1f
/usr/bin/cmake -E cmake_link_script CMakeFiles/cmTC_83a1f.dir/link.txt --verbose=1
/usr/bin/cc  -DCMAKE_HAVE_LIBC_PTHREAD    CMakeFiles/cmTC_83a1f.dir/src.c.o  -o cmTC_83a1f 
/usr/bin/ld: CMakeFiles/cmTC_83a1f.dir/src.c.o: in function `main':
src.c:(.text+0x46): undefined reference to `pthread_create'
/usr/bin/ld: src.c:(.text+0x52): undefined reference to `pthread_detach'
/usr/bin/ld: src.c:(.text+0x63): undefined reference to `pthread_join'
collect2: error: ld returned 1 exit status
make[1]: *** [CMakeFiles/cmTC_83a1f.dir/build.make:87: cmTC_83a1f] Error 1
make[1]: Leaving directory '/home/guopengzhen/code/route_planner/route_plan/out/build/CMakeFiles/CMakeTmp'
make: *** [Makefile:121: cmTC_83a1f/fast] Error 2


Source file was:
#include <pthread.h>

void* test_func(void* data)
{
  return data;
}

int main(void)
{
  pthread_t thread;
  pthread_create(&thread, NULL, test_func, NULL);
  pthread_detach(thread);
  pthread_join(thread, NULL);
  pthread_atfork(NULL, NULL, NULL);
  pthread_exit(NULL);

  return 0;
}

Determining if the function pthread_create exists in the pthreads failed with the following output:
Change Dir: /home/guopengzhen/code/route_planner/route_plan/out/build/CMakeFiles/CMakeTmp

Run Build Command(s):/usr/bin/make cmTC_46a2f/fast && /usr/bin/make -f CMakeFiles/cmTC_46a2f.dir/build.make CMakeFiles/cmTC_46a2f.dir/build
make[1]: Entering directory '/home/guopengzhen/code/route_planner/route_plan/out/build/CMakeFiles/CMakeTmp'
Building C object CMakeFiles/cmTC_46a2f.dir/CheckFunctionExists.c.o
/usr/bin/cc   -DCHECK_FUNCTION_EXISTS=pthread_create   -o CMakeFiles/cmTC_46a2f.dir/CheckFunctionExists.c.o   -c /usr/share/cmake-3.16/Modules/CheckFunctionExists.c
Linking C executable cmTC_46a2f
/usr/bin/cmake -E cmake_link_script CMakeFiles/cmTC_46a2f.dir/link.txt --verbose=1
/usr/bin/cc  -DCHECK_FUNCTION_EXISTS=pthread_create    CMakeFiles/cmTC_46a2f.dir/CheckFunctionExists.c.o  -o cmTC_46a2f  -lpthreads 
/usr/bin/ld: cannot find -lpthreads
collect2: error: ld returned 1 exit status
make[1]: *** [CMakeFiles/cmTC_46a2f.dir/build.make:87: cmTC_46a2f] Error 1
make[1]: Leaving directory '/home/guopengzhen/code/route_planner/route_plan/out/build/CMakeFiles/CMakeTmp'
make: *** [Makefile:121: cmTC_46a2f/fast] Error 2



Performing C SOURCE FILE Test CMAKE_HAVE_LIBC_PTHREAD failed with the following output:
Change Dir: /root/source/route_plan/out/build/CMakeFiles/CMakeTmp

Run Build Command(s):/usr/bin/make cmTC_5ffde/fast && /usr/bin/make -f CMakeFiles/cmTC_5ffde.dir/build.make CMakeFiles/cmTC_5ffde.dir/build
make[1]: Entering directory '/root/source/route_plan/out/build/CMakeFiles/CMakeTmp'
Building C object CMakeFiles/cmTC_5ffde.dir/src.c.o
/usr/bin/cc   -DCMAKE_HAVE_LIBC_PTHREAD   -o CMakeFiles/cmTC_5ffde.dir/src.c.o   -c /root/source/route_plan/out/build/CMakeFiles/CMakeTmp/src.c
Linking C executable cmTC_5ffde
/usr/bin/cmake -E cmake_link_script CMakeFiles/cmTC_5ffde.dir/link.txt --verbose=1
/usr/bin/cc  -DCMAKE_HAVE_LIBC_PTHREAD    CMakeFiles/cmTC_5ffde.dir/src.c.o  -o cmTC_5ffde 
/usr/bin/ld: CMakeFiles/cmTC_5ffde.dir/src.c.o: in function `main':
src.c:(.text+0x46): undefined reference to `pthread_create'
/usr/bin/ld: src.c:(.text+0x52): undefined reference to `pthread_detach'
/usr/bin/ld: src.c:(.text+0x63): undefined reference to `pthread_join'
collect2: error: ld returned 1 exit status
make[1]: *** [CMakeFiles/cmTC_5ffde.dir/build.make:87: cmTC_5ffde] Error 1
make[1]: Leaving directory '/root/source/route_plan/out/build/CMakeFiles/CMakeTmp'
make: *** [Makefile:121: cmTC_5ffde/fast] Error 2


Source file was:
#include <pthread.h>

void* test_func(void* data)
{
  return data;
}

int main(void)
{
  pthread_t thread;
  pthread_create(&thread, NULL, test_func, NULL);
  pthread_detach(thread);
  pthread_join(thread, NULL);
  pthread_atfork(NULL, NULL, NULL);
  pthread_exit(NULL);

  return 0;
}

Determining if the function pthread_create exists in the pthreads failed with the following output:
Change Dir: /root/source/route_plan/out/build/CMakeFiles/CMakeTmp

Run Build Command(s):/usr/bin/make cmTC_1df8a/fast && /usr/bin/make -f CMakeFiles/cmTC_1df8a.dir/build.make CMakeFiles/cmTC_1df8a.dir/build
make[1]: Entering directory '/root/source/route_plan/out/build/CMakeFiles/CMakeTmp'
Building C object CMakeFiles/cmTC_1df8a.dir/CheckFunctionExists.c.o
/usr/bin/cc   -DCHECK_FUNCTION_EXISTS=pthread_create   -o CMakeFiles/cmTC_1df8a.dir/CheckFunctionExists.c.o   -c /usr/share/cmake-3.16/Modules/CheckFunctionExists.c
Linking C executable cmTC_1df8a
/usr/bin/cmake -E cmake_link_script CMakeFiles/cmTC_1df8a.dir/link.txt --verbose=1
/usr/bin/cc  -DCHECK_FUNCTION_EXISTS=pthread_create    CMakeFiles/cmTC_1df8a.dir/CheckFunctionExists.c.o  -o cmTC_1df8a  -lpthreads 
/usr/bin/ld: cannot find -lpthreads
collect2: error: ld returned 1 exit status
make[1]: *** [CMakeFiles/cmTC_1df8a.dir/build.make:87: cmTC_1df8a] Error 1
make[1]: Leaving directory '/root/source/route_plan/out/build/CMakeFiles/CMakeTmp'
make: *** [Makefile:121: cmTC_1df8a/fast] Error 2



Performing C SOURCE FILE Test CMAKE_HAVE_LIBC_PTHREAD failed with the following output:
Change Dir: /root/source/simulator_server_track/route_plan/out/build/CMakeFiles/CMakeTmp

Run Build Command(s):/usr/bin/make cmTC_c0e25/fast && /usr/bin/make -f CMakeFiles/cmTC_c0e25.dir/build.make CMakeFiles/cmTC_c0e25.dir/build
make[1]: Entering directory '/root/source/simulator_server_track/route_plan/out/build/CMakeFiles/CMakeTmp'
Building C object CMakeFiles/cmTC_c0e25.dir/src.c.o
/usr/bin/cc   -DCMAKE_HAVE_LIBC_PTHREAD   -o CMakeFiles/cmTC_c0e25.dir/src.c.o   -c /root/source/simulator_server_track/route_plan/out/build/CMakeFiles/CMakeTmp/src.c
Linking C executable cmTC_c0e25
/usr/bin/cmake -E cmake_link_script CMakeFiles/cmTC_c0e25.dir/link.txt --verbose=1
/usr/bin/cc  -DCMAKE_HAVE_LIBC_PTHREAD    CMakeFiles/cmTC_c0e25.dir/src.c.o  -o cmTC_c0e25 
/usr/bin/ld: CMakeFiles/cmTC_c0e25.dir/src.c.o: in function `main':
src.c:(.text+0x46): undefined reference to `pthread_create'
/usr/bin/ld: src.c:(.text+0x52): undefined reference to `pthread_detach'
/usr/bin/ld: src.c:(.text+0x63): undefined reference to `pthread_join'
collect2: error: ld returned 1 exit status
make[1]: *** [CMakeFiles/cmTC_c0e25.dir/build.make:87: cmTC_c0e25] Error 1
make[1]: Leaving directory '/root/source/simulator_server_track/route_plan/out/build/CMakeFiles/CMakeTmp'
make: *** [Makefile:121: cmTC_c0e25/fast] Error 2


Source file was:
#include <pthread.h>

void* test_func(void* data)
{
  return data;
}

int main(void)
{
  pthread_t thread;
  pthread_create(&thread, NULL, test_func, NULL);
  pthread_detach(thread);
  pthread_join(thread, NULL);
  pthread_atfork(NULL, NULL, NULL);
  pthread_exit(NULL);

  return 0;
}

Performing C SOURCE FILE Test CMAKE_HAVE_LIBC_PTHREAD failed with the following output:
Change Dir: /root/source/simulator_server_track/route_plan/out/build/CMakeFiles/CMakeTmp

Run Build Command(s):/usr/bin/make cmTC_9468e/fast && /usr/bin/make -f CMakeFiles/cmTC_9468e.dir/build.make CMakeFiles/cmTC_9468e.dir/build
make[1]: Entering directory '/root/source/simulator_server_track/route_plan/out/build/CMakeFiles/CMakeTmp'
Building C object CMakeFiles/cmTC_9468e.dir/src.c.o
/usr/bin/cc   -DCMAKE_HAVE_LIBC_PTHREAD   -o CMakeFiles/cmTC_9468e.dir/src.c.o   -c /root/source/simulator_server_track/route_plan/out/build/CMakeFiles/CMakeTmp/src.c
Linking C executable cmTC_9468e
/usr/bin/cmake -E cmake_link_script CMakeFiles/cmTC_9468e.dir/link.txt --verbose=1
/usr/bin/cc  -DCMAKE_HAVE_LIBC_PTHREAD    CMakeFiles/cmTC_9468e.dir/src.c.o  -o cmTC_9468e 
/usr/bin/ld: CMakeFiles/cmTC_9468e.dir/src.c.o: in function `main':
src.c:(.text+0x46): undefined reference to `pthread_create'
/usr/bin/ld: src.c:(.text+0x52): undefined reference to `pthread_detach'
/usr/bin/ld: src.c:(.text+0x63): undefined reference to `pthread_join'
collect2: error: ld returned 1 exit status
make[1]: *** [CMakeFiles/cmTC_9468e.dir/build.make:87: cmTC_9468e] Error 1
make[1]: Leaving directory '/root/source/simulator_server_track/route_plan/out/build/CMakeFiles/CMakeTmp'
make: *** [Makefile:121: cmTC_9468e/fast] Error 2


Source file was:
#include <pthread.h>

void* test_func(void* data)
{
  return data;
}

int main(void)
{
  pthread_t thread;
  pthread_create(&thread, NULL, test_func, NULL);
  pthread_detach(thread);
  pthread_join(thread, NULL);
  pthread_atfork(NULL, NULL, NULL);
  pthread_exit(NULL);

  return 0;
}

Determining if the function pthread_create exists in the pthreads failed with the following output:
Change Dir: /root/source/simulator_server_track/route_plan/out/build/CMakeFiles/CMakeTmp

Run Build Command(s):/usr/bin/make cmTC_310d5/fast && /usr/bin/make -f CMakeFiles/cmTC_310d5.dir/build.make CMakeFiles/cmTC_310d5.dir/build
make[1]: Entering directory '/root/source/simulator_server_track/route_plan/out/build/CMakeFiles/CMakeTmp'
Building C object CMakeFiles/cmTC_310d5.dir/CheckFunctionExists.c.o
/usr/bin/cc   -DCHECK_FUNCTION_EXISTS=pthread_create   -o CMakeFiles/cmTC_310d5.dir/CheckFunctionExists.c.o   -c /usr/share/cmake-3.16/Modules/CheckFunctionExists.c
Linking C executable cmTC_310d5
/usr/bin/cmake -E cmake_link_script CMakeFiles/cmTC_310d5.dir/link.txt --verbose=1
/usr/bin/cc  -DCHECK_FUNCTION_EXISTS=pthread_create    CMakeFiles/cmTC_310d5.dir/CheckFunctionExists.c.o  -o cmTC_310d5  -lpthreads 
/usr/bin/ld: cannot find -lpthreads
collect2: error: ld returned 1 exit status
make[1]: *** [CMakeFiles/cmTC_310d5.dir/build.make:87: cmTC_310d5] Error 1
make[1]: Leaving directory '/root/source/simulator_server_track/route_plan/out/build/CMakeFiles/CMakeTmp'
make: *** [Makefile:121: cmTC_310d5/fast] Error 2



