Determining if the include file pthread.h exists failed with the following output:
Change Dir: C:/Users/design27/source/route_plan/build/CMakeFiles/CMakeTmp

Run Build Command(s):C:/Program Files (x86)/Microsoft Visual Studio/2017/Community/MSBuild/15.0/Bin/MSBuild.exe cmTC_08d3d.vcxproj /p:Configuration=Debug /p:Platform=x64 /p:VisualStudioVersion=15.0 /v:m && Microsoft (R) Build Engine for .NET Framework 15.9.21+g9802d43bc3 版
Copyright (C) Microsoft Corporation. 著作權所有，並保留一切權利。

  Microsoft (R) C/C++ Optimizing Compiler Version 19.16.27045 for x64
  Copyright (C) Microsoft Corporation.  著作權所有，並保留一切權利。
  
  cl /c /I"C:\Users\design27\vcpkg\scripts\buildsystems\msbuild\..\..\..\installed\x64-windows\include" /Zi /W3 /WX- /diagnostics:classic /Od /Ob0 /D WIN32 /D _WINDOWS /D "CMAKE_INTDIR=\"Debug\"" /D _MBCS /Gm- /RTC1 /MDd /GS /fp:precise /Zc:wchar_t /Zc:forScope /Zc:inline /Fo"cmTC_08d3d.dir\Debug\\" /Fd"cmTC_08d3d.dir\Debug\vc141.pdb" /Gd /TC /errorReport:queue C:\Users\design27\source\route_plan\build\CMakeFiles\CMakeTmp\CheckIncludeFile.c
  CheckIncludeFile.c
  
C:\Users\design27\source\route_plan\build\CMakeFiles\CMakeTmp\CheckIncludeFile.c(1): fatal error C1083: 無法開啟包含檔案: 'pthread.h': No such file or directory [C:\Users\design27\source\route_plan\build\CMakeFiles\CMakeTmp\cmTC_08d3d.vcxproj]



Performing C SOURCE FILE Test CMAKE_HAVE_LIBC_PTHREAD failed with the following output:
Change Dir: /root/source/simulator_server_track/route_plan/build/CMakeFiles/CMakeTmp

Run Build Command(s):/usr/bin/make cmTC_9a20d/fast && /usr/bin/make -f CMakeFiles/cmTC_9a20d.dir/build.make CMakeFiles/cmTC_9a20d.dir/build
make[1]: Entering directory '/root/source/simulator_server_track/route_plan/build/CMakeFiles/CMakeTmp'
Building C object CMakeFiles/cmTC_9a20d.dir/src.c.o
/bin/c99-gcc   -DCMAKE_HAVE_LIBC_PTHREAD   -o CMakeFiles/cmTC_9a20d.dir/src.c.o   -c /root/source/simulator_server_track/route_plan/build/CMakeFiles/CMakeTmp/src.c
Linking C executable cmTC_9a20d
/usr/bin/cmake -E cmake_link_script CMakeFiles/cmTC_9a20d.dir/link.txt --verbose=1
/bin/c99-gcc  -DCMAKE_HAVE_LIBC_PTHREAD    CMakeFiles/cmTC_9a20d.dir/src.c.o  -o cmTC_9a20d 
/usr/bin/ld: CMakeFiles/cmTC_9a20d.dir/src.c.o: in function `main':
src.c:(.text+0x46): undefined reference to `pthread_create'
/usr/bin/ld: src.c:(.text+0x52): undefined reference to `pthread_detach'
/usr/bin/ld: src.c:(.text+0x63): undefined reference to `pthread_join'
collect2: error: ld returned 1 exit status
make[1]: *** [CMakeFiles/cmTC_9a20d.dir/build.make:87: cmTC_9a20d] Error 1
make[1]: Leaving directory '/root/source/simulator_server_track/route_plan/build/CMakeFiles/CMakeTmp'
make: *** [Makefile:121: cmTC_9a20d/fast] Error 2


Source file was:
#include <pthread.h>

void* test_func(void* data)
{
  return data;
}

int main(void)
{
  pthread_t thread;
  pthread_create(&thread, NULL, test_func, NULL);
  pthread_detach(thread);
  pthread_join(thread, NULL);
  pthread_atfork(NULL, NULL, NULL);
  pthread_exit(NULL);

  return 0;
}

Performing C SOURCE FILE Test CMAKE_HAVE_LIBC_PTHREAD failed with the following output:
Change Dir: /root/source/simulator_server_track/route_plan/build/CMakeFiles/CMakeTmp

Run Build Command(s):/usr/bin/ninja cmTC_099aa && [1/2] Building C object CMakeFiles/cmTC_099aa.dir/src.c.o
[2/2] Linking C executable cmTC_099aa
FAILED: cmTC_099aa 
: && /bin/c99-gcc -DCMAKE_HAVE_LIBC_PTHREAD   CMakeFiles/cmTC_099aa.dir/src.c.o  -o cmTC_099aa   && :
/usr/bin/ld: CMakeFiles/cmTC_099aa.dir/src.c.o: in function `main':
src.c:(.text+0x46): undefined reference to `pthread_create'
/usr/bin/ld: src.c:(.text+0x52): undefined reference to `pthread_detach'
/usr/bin/ld: src.c:(.text+0x63): undefined reference to `pthread_join'
collect2: error: ld returned 1 exit status
ninja: build stopped: subcommand failed.


Source file was:
#include <pthread.h>

void* test_func(void* data)
{
  return data;
}

int main(void)
{
  pthread_t thread;
  pthread_create(&thread, NULL, test_func, NULL);
  pthread_detach(thread);
  pthread_join(thread, NULL);
  pthread_atfork(NULL, NULL, NULL);
  pthread_exit(NULL);

  return 0;
}

Determining if the function pthread_create exists in the pthreads failed with the following output:
Change Dir: /root/source/simulator_server_track/route_plan/build/CMakeFiles/CMakeTmp

Run Build Command(s):/usr/bin/ninja cmTC_d15c6 && [1/2] Building C object CMakeFiles/cmTC_d15c6.dir/CheckFunctionExists.c.o
[2/2] Linking C executable cmTC_d15c6
FAILED: cmTC_d15c6 
: && /bin/c99-gcc -DCHECK_FUNCTION_EXISTS=pthread_create   CMakeFiles/cmTC_d15c6.dir/CheckFunctionExists.c.o  -o cmTC_d15c6  -lpthreads && :
/usr/bin/ld: cannot find -lpthreads
collect2: error: ld returned 1 exit status
ninja: build stopped: subcommand failed.



